{"/home/craig/personal-projects/band-match/client/store.js": {"path":"/home/craig/personal-projects/band-match/client/store.js","statementMap":{"0":{"start":{"line":8,"column":25},"end":{"line":8,"column":79}},"1":{"start":{"line":12,"column":14},"end":{"line":12,"column":77}}},"fnMap":{},"branchMap":{"0":{"loc":{"start":{"line":8,"column":25},"end":{"line":8,"column":79}},"type":"binary-expr","locations":[{"start":{"line":8,"column":25},"end":{"line":8,"column":68}},{"start":{"line":8,"column":72},"end":{"line":8,"column":79}}],"line":8}},"s":{"0":1,"1":1},"f":{},"b":{"0":[1,1]},"_coverageSchema":"1a1c01bbd47fc00a2c39e90264f33305004495a9","hash":"c117fb5aa67b925ffef363b59852181439b826c5"}
,"/home/craig/personal-projects/band-match/client/actions/index.js": {"path":"/home/craig/personal-projects/band-match/client/actions/index.js","statementMap":{"0":{"start":{"line":4,"column":26},"end":{"line":4,"column":38}},"1":{"start":{"line":5,"column":24},"end":{"line":5,"column":34}},"2":{"start":{"line":6,"column":27},"end":{"line":6,"column":40}},"3":{"start":{"line":7,"column":25},"end":{"line":7,"column":36}},"4":{"start":{"line":8,"column":24},"end":{"line":8,"column":34}},"5":{"start":{"line":9,"column":27},"end":{"line":9,"column":40}},"6":{"start":{"line":15,"column":2},"end":{"line":19,"column":3}},"7":{"start":{"line":16,"column":4},"end":{"line":18,"column":6}},"8":{"start":{"line":17,"column":6},"end":{"line":17,"column":34}},"9":{"start":{"line":22,"column":2},"end":{"line":25,"column":3}},"10":{"start":{"line":32,"column":2},"end":{"line":37,"column":3}},"11":{"start":{"line":33,"column":4},"end":{"line":36,"column":6}},"12":{"start":{"line":34,"column":6},"end":{"line":34,"column":52}},"13":{"start":{"line":35,"column":6},"end":{"line":35,"column":32}},"14":{"start":{"line":41,"column":2},"end":{"line":41,"column":51}},"15":{"start":{"line":42,"column":2},"end":{"line":45,"column":3}},"16":{"start":{"line":52,"column":2},"end":{"line":56,"column":3}},"17":{"start":{"line":53,"column":4},"end":{"line":55,"column":6}},"18":{"start":{"line":54,"column":6},"end":{"line":54,"column":32}},"19":{"start":{"line":60,"column":2},"end":{"line":60,"column":51}},"20":{"start":{"line":61,"column":2},"end":{"line":64,"column":3}},"21":{"start":{"line":71,"column":2},"end":{"line":75,"column":3}},"22":{"start":{"line":72,"column":4},"end":{"line":74,"column":6}},"23":{"start":{"line":73,"column":6},"end":{"line":73,"column":31}},"24":{"start":{"line":79,"column":2},"end":{"line":79,"column":48}},"25":{"start":{"line":81,"column":2},"end":{"line":84,"column":3}},"26":{"start":{"line":90,"column":2},"end":{"line":93,"column":3}},"27":{"start":{"line":97,"column":2},"end":{"line":101,"column":3}},"28":{"start":{"line":98,"column":4},"end":{"line":100,"column":6}},"29":{"start":{"line":99,"column":6},"end":{"line":99,"column":33}}},"fnMap":{"0":{"name":"removeBand","decl":{"start":{"line":14,"column":16},"end":{"line":14,"column":26}},"loc":{"start":{"line":14,"column":35},"end":{"line":20,"column":1}},"line":14},"1":{"name":"(anonymous_1)","decl":{"start":{"line":15,"column":9},"end":{"line":15,"column":10}},"loc":{"start":{"line":15,"column":23},"end":{"line":19,"column":3}},"line":15},"2":{"name":"(anonymous_2)","decl":{"start":{"line":16,"column":39},"end":{"line":16,"column":40}},"loc":{"start":{"line":16,"column":45},"end":{"line":18,"column":5}},"line":16},"3":{"name":"deleteBand","decl":{"start":{"line":21,"column":16},"end":{"line":21,"column":26}},"loc":{"start":{"line":21,"column":33},"end":{"line":26,"column":1}},"line":21},"4":{"name":"addNewBand","decl":{"start":{"line":31,"column":16},"end":{"line":31,"column":26}},"loc":{"start":{"line":31,"column":53},"end":{"line":38,"column":1}},"line":31},"5":{"name":"(anonymous_5)","decl":{"start":{"line":32,"column":9},"end":{"line":32,"column":10}},"loc":{"start":{"line":32,"column":23},"end":{"line":37,"column":3}},"line":32},"6":{"name":"(anonymous_6)","decl":{"start":{"line":33,"column":50},"end":{"line":33,"column":51}},"loc":{"start":{"line":33,"column":60},"end":{"line":36,"column":5}},"line":33},"7":{"name":"createBand","decl":{"start":{"line":40,"column":16},"end":{"line":40,"column":26}},"loc":{"start":{"line":40,"column":57},"end":{"line":46,"column":1}},"line":40},"8":{"name":"editBand","decl":{"start":{"line":51,"column":16},"end":{"line":51,"column":24}},"loc":{"start":{"line":51,"column":31},"end":{"line":57,"column":1}},"line":51},"9":{"name":"(anonymous_9)","decl":{"start":{"line":52,"column":9},"end":{"line":52,"column":10}},"loc":{"start":{"line":52,"column":23},"end":{"line":56,"column":3}},"line":52},"10":{"name":"(anonymous_10)","decl":{"start":{"line":53,"column":33},"end":{"line":53,"column":34}},"loc":{"start":{"line":53,"column":39},"end":{"line":55,"column":5}},"line":53},"11":{"name":"updateBand","decl":{"start":{"line":59,"column":16},"end":{"line":59,"column":26}},"loc":{"start":{"line":59,"column":57},"end":{"line":65,"column":1}},"line":59},"12":{"name":"fetchBands","decl":{"start":{"line":70,"column":16},"end":{"line":70,"column":26}},"loc":{"start":{"line":70,"column":29},"end":{"line":76,"column":1}},"line":70},"13":{"name":"(anonymous_13)","decl":{"start":{"line":71,"column":9},"end":{"line":71,"column":10}},"loc":{"start":{"line":71,"column":23},"end":{"line":75,"column":3}},"line":71},"14":{"name":"(anonymous_14)","decl":{"start":{"line":72,"column":27},"end":{"line":72,"column":28}},"loc":{"start":{"line":72,"column":38},"end":{"line":74,"column":5}},"line":72},"15":{"name":"setBands","decl":{"start":{"line":78,"column":16},"end":{"line":78,"column":24}},"loc":{"start":{"line":78,"column":32},"end":{"line":85,"column":1}},"line":78},"16":{"name":"setFruits","decl":{"start":{"line":89,"column":16},"end":{"line":89,"column":25}},"loc":{"start":{"line":89,"column":34},"end":{"line":94,"column":1}},"line":89},"17":{"name":"fetchFruits","decl":{"start":{"line":96,"column":16},"end":{"line":96,"column":27}},"loc":{"start":{"line":96,"column":30},"end":{"line":102,"column":1}},"line":96},"18":{"name":"(anonymous_18)","decl":{"start":{"line":97,"column":9},"end":{"line":97,"column":10}},"loc":{"start":{"line":97,"column":23},"end":{"line":101,"column":3}},"line":97},"19":{"name":"(anonymous_19)","decl":{"start":{"line":98,"column":28},"end":{"line":98,"column":29}},"loc":{"start":{"line":98,"column":40},"end":{"line":100,"column":5}},"line":98}},"branchMap":{},"s":{"0":1,"1":1,"2":1,"3":1,"4":1,"5":1,"6":0,"7":0,"8":0,"9":0,"10":0,"11":0,"12":0,"13":0,"14":0,"15":0,"16":0,"17":0,"18":0,"19":0,"20":0,"21":0,"22":0,"23":0,"24":0,"25":0,"26":0,"27":0,"28":0,"29":0},"f":{"0":0,"1":0,"2":0,"3":0,"4":0,"5":0,"6":0,"7":0,"8":0,"9":0,"10":0,"11":0,"12":0,"13":0,"14":0,"15":0,"16":0,"17":0,"18":0,"19":0},"b":{},"_coverageSchema":"1a1c01bbd47fc00a2c39e90264f33305004495a9","hash":"de0df5bd402d9657c8e46af44dab36a46cfc1b56"}
,"/home/craig/personal-projects/band-match/client/apis/bands.js": {"path":"/home/craig/personal-projects/band-match/client/apis/bands.js","statementMap":{"0":{"start":{"line":3,"column":16},"end":{"line":3,"column":25}},"1":{"start":{"line":6,"column":2},"end":{"line":8,"column":4}},"2":{"start":{"line":7,"column":4},"end":{"line":7,"column":25}},"3":{"start":{"line":12,"column":2},"end":{"line":12,"column":36}},"4":{"start":{"line":13,"column":2},"end":{"line":13,"column":32}},"5":{"start":{"line":15,"column":2},"end":{"line":22,"column":55}},"6":{"start":{"line":19,"column":6},"end":{"line":19,"column":54}},"7":{"start":{"line":20,"column":6},"end":{"line":20,"column":21}},"8":{"start":{"line":26,"column":2},"end":{"line":26,"column":47}},"9":{"start":{"line":27,"column":2},"end":{"line":30,"column":60}},"10":{"start":{"line":29,"column":19},"end":{"line":29,"column":22}},"11":{"start":{"line":35,"column":13},"end":{"line":35,"column":20}},"12":{"start":{"line":36,"column":2},"end":{"line":45,"column":3}},"13":{"start":{"line":42,"column":8},"end":{"line":42,"column":16}},"14":{"start":{"line":49,"column":2},"end":{"line":57,"column":3}},"15":{"start":{"line":50,"column":4},"end":{"line":56,"column":5}},"16":{"start":{"line":51,"column":6},"end":{"line":53,"column":7}},"17":{"start":{"line":55,"column":6},"end":{"line":55,"column":57}}},"fnMap":{"0":{"name":"getBands","decl":{"start":{"line":5,"column":16},"end":{"line":5,"column":24}},"loc":{"start":{"line":5,"column":27},"end":{"line":9,"column":1}},"line":5},"1":{"name":"(anonymous_1)","decl":{"start":{"line":6,"column":46},"end":{"line":6,"column":47}},"loc":{"start":{"line":6,"column":55},"end":{"line":8,"column":3}},"line":6},"2":{"name":"addBand","decl":{"start":{"line":11,"column":16},"end":{"line":11,"column":23}},"loc":{"start":{"line":11,"column":50},"end":{"line":23,"column":1}},"line":11},"3":{"name":"(anonymous_3)","decl":{"start":{"line":18,"column":10},"end":{"line":18,"column":11}},"loc":{"start":{"line":18,"column":19},"end":{"line":21,"column":5}},"line":18},"4":{"name":"deleteBandById","decl":{"start":{"line":25,"column":16},"end":{"line":25,"column":30}},"loc":{"start":{"line":25,"column":35},"end":{"line":31,"column":1}},"line":25},"5":{"name":"(anonymous_5)","decl":{"start":{"line":29,"column":10},"end":{"line":29,"column":11}},"loc":{"start":{"line":29,"column":19},"end":{"line":29,"column":22}},"line":29},"6":{"name":"changeBand","decl":{"start":{"line":34,"column":16},"end":{"line":34,"column":26}},"loc":{"start":{"line":34,"column":33},"end":{"line":46,"column":1}},"line":34},"7":{"name":"(anonymous_7)","decl":{"start":{"line":41,"column":12},"end":{"line":41,"column":13}},"loc":{"start":{"line":41,"column":21},"end":{"line":43,"column":7}},"line":41},"8":{"name":"errorHandler","decl":{"start":{"line":48,"column":9},"end":{"line":48,"column":21}},"loc":{"start":{"line":48,"column":37},"end":{"line":58,"column":1}},"line":48},"9":{"name":"(anonymous_9)","decl":{"start":{"line":49,"column":9},"end":{"line":49,"column":10}},"loc":{"start":{"line":49,"column":18},"end":{"line":57,"column":3}},"line":49}},"branchMap":{"0":{"loc":{"start":{"line":50,"column":4},"end":{"line":56,"column":5}},"type":"if","locations":[{"start":{"line":50,"column":4},"end":{"line":56,"column":5}},{"start":{"line":54,"column":11},"end":{"line":56,"column":5}}],"line":50}},"s":{"0":1,"1":0,"2":0,"3":0,"4":0,"5":0,"6":0,"7":0,"8":0,"9":0,"10":0,"11":0,"12":0,"13":0,"14":0,"15":0,"16":0,"17":0},"f":{"0":0,"1":0,"2":0,"3":0,"4":0,"5":0,"6":0,"7":0,"8":0,"9":0},"b":{"0":[0,0]},"_coverageSchema":"1a1c01bbd47fc00a2c39e90264f33305004495a9","hash":"177cb883f0ef868d70a87011feef9310594b999b"}
,"/home/craig/personal-projects/band-match/client/apis/fruits.js": {"path":"/home/craig/personal-projects/band-match/client/apis/fruits.js","statementMap":{"0":{"start":{"line":3,"column":16},"end":{"line":3,"column":25}},"1":{"start":{"line":6,"column":2},"end":{"line":8,"column":4}},"2":{"start":{"line":7,"column":4},"end":{"line":7,"column":26}}},"fnMap":{"0":{"name":"getFruits","decl":{"start":{"line":5,"column":16},"end":{"line":5,"column":25}},"loc":{"start":{"line":5,"column":28},"end":{"line":9,"column":1}},"line":5},"1":{"name":"(anonymous_1)","decl":{"start":{"line":6,"column":47},"end":{"line":6,"column":48}},"loc":{"start":{"line":6,"column":56},"end":{"line":8,"column":3}},"line":6}},"branchMap":{},"s":{"0":1,"1":0,"2":0},"f":{"0":0,"1":0},"b":{},"_coverageSchema":"1a1c01bbd47fc00a2c39e90264f33305004495a9","hash":"1159d3797aaaa2d3986305783fd0d198a8507d4b"}
,"/home/craig/personal-projects/band-match/client/apis/genre.js": {"path":"/home/craig/personal-projects/band-match/client/apis/genre.js","statementMap":{"0":{"start":{"line":3,"column":16},"end":{"line":3,"column":25}},"1":{"start":{"line":6,"column":2},"end":{"line":8,"column":4}},"2":{"start":{"line":7,"column":4},"end":{"line":7,"column":19}},"3":{"start":{"line":14,"column":2},"end":{"line":20,"column":57}},"4":{"start":{"line":18,"column":6},"end":{"line":18,"column":21}},"5":{"start":{"line":38,"column":2},"end":{"line":46,"column":3}},"6":{"start":{"line":39,"column":4},"end":{"line":45,"column":5}},"7":{"start":{"line":40,"column":6},"end":{"line":42,"column":7}},"8":{"start":{"line":44,"column":6},"end":{"line":44,"column":57}}},"fnMap":{"0":{"name":"getGenres","decl":{"start":{"line":5,"column":16},"end":{"line":5,"column":25}},"loc":{"start":{"line":5,"column":28},"end":{"line":9,"column":1}},"line":5},"1":{"name":"(anonymous_1)","decl":{"start":{"line":6,"column":46},"end":{"line":6,"column":47}},"loc":{"start":{"line":6,"column":55},"end":{"line":8,"column":3}},"line":6},"2":{"name":"getGenreById","decl":{"start":{"line":12,"column":16},"end":{"line":12,"column":28}},"loc":{"start":{"line":12,"column":33},"end":{"line":21,"column":1}},"line":12},"3":{"name":"(anonymous_3)","decl":{"start":{"line":16,"column":10},"end":{"line":16,"column":11}},"loc":{"start":{"line":16,"column":19},"end":{"line":19,"column":5}},"line":16},"4":{"name":"errorHandler","decl":{"start":{"line":37,"column":9},"end":{"line":37,"column":21}},"loc":{"start":{"line":37,"column":37},"end":{"line":47,"column":1}},"line":37},"5":{"name":"(anonymous_5)","decl":{"start":{"line":38,"column":9},"end":{"line":38,"column":10}},"loc":{"start":{"line":38,"column":18},"end":{"line":46,"column":3}},"line":38}},"branchMap":{"0":{"loc":{"start":{"line":39,"column":4},"end":{"line":45,"column":5}},"type":"if","locations":[{"start":{"line":39,"column":4},"end":{"line":45,"column":5}},{"start":{"line":43,"column":11},"end":{"line":45,"column":5}}],"line":39}},"s":{"0":1,"1":0,"2":0,"3":0,"4":0,"5":0,"6":0,"7":0,"8":0},"f":{"0":0,"1":0,"2":0,"3":0,"4":0,"5":0},"b":{"0":[0,0]},"_coverageSchema":"1a1c01bbd47fc00a2c39e90264f33305004495a9","hash":"55cfa6d0c08494f7e852b3cee451cf82bda48377"}
,"/home/craig/personal-projects/band-match/client/components/AddBand.jsx": {"path":"/home/craig/personal-projects/band-match/client/components/AddBand.jsx","statementMap":{"0":{"start":{"line":7,"column":20},"end":{"line":7,"column":61}},"1":{"start":{"line":10,"column":19},"end":{"line":10,"column":32}},"2":{"start":{"line":12,"column":30},"end":{"line":12,"column":42}},"3":{"start":{"line":13,"column":26},"end":{"line":13,"column":47}},"4":{"start":{"line":14,"column":32},"end":{"line":14,"column":36}},"5":{"start":{"line":17,"column":2},"end":{"line":21,"column":8}},"6":{"start":{"line":18,"column":4},"end":{"line":20,"column":6}},"7":{"start":{"line":19,"column":6},"end":{"line":19,"column":26}},"8":{"start":{"line":24,"column":4},"end":{"line":24,"column":57}},"9":{"start":{"line":28,"column":4},"end":{"line":28,"column":22}},"10":{"start":{"line":29,"column":15},"end":{"line":29,"column":23}},"11":{"start":{"line":30,"column":4},"end":{"line":30,"column":49}},"12":{"start":{"line":31,"column":4},"end":{"line":31,"column":24}},"13":{"start":{"line":34,"column":2},"end":{"line":131,"column":3}},"14":{"start":{"line":88,"column":16},"end":{"line":90,"column":25}},"15":{"start":{"line":121,"column":16},"end":{"line":121,"column":34}},"16":{"start":{"line":122,"column":16},"end":{"line":122,"column":36}}},"fnMap":{"0":{"name":"AddBand","decl":{"start":{"line":9,"column":24},"end":{"line":9,"column":31}},"loc":{"start":{"line":9,"column":34},"end":{"line":132,"column":1}},"line":9},"1":{"name":"(anonymous_1)","decl":{"start":{"line":17,"column":12},"end":{"line":17,"column":13}},"loc":{"start":{"line":17,"column":18},"end":{"line":21,"column":3}},"line":17},"2":{"name":"(anonymous_2)","decl":{"start":{"line":18,"column":28},"end":{"line":18,"column":29}},"loc":{"start":{"line":18,"column":43},"end":{"line":20,"column":5}},"line":18},"3":{"name":"handleChange","decl":{"start":{"line":23,"column":11},"end":{"line":23,"column":23}},"loc":{"start":{"line":23,"column":27},"end":{"line":25,"column":3}},"line":23},"4":{"name":"handleSubmit","decl":{"start":{"line":27,"column":11},"end":{"line":27,"column":23}},"loc":{"start":{"line":27,"column":27},"end":{"line":32,"column":3}},"line":27},"5":{"name":"(anonymous_5)","decl":{"start":{"line":87,"column":26},"end":{"line":87,"column":27}},"loc":{"start":{"line":88,"column":16},"end":{"line":90,"column":25}},"line":88},"6":{"name":"(anonymous_6)","decl":{"start":{"line":120,"column":23},"end":{"line":120,"column":24}},"loc":{"start":{"line":120,"column":30},"end":{"line":123,"column":15}},"line":120}},"branchMap":{},"s":{"0":1,"1":0,"2":0,"3":0,"4":0,"5":0,"6":0,"7":0,"8":0,"9":0,"10":0,"11":0,"12":0,"13":0,"14":0,"15":0,"16":0},"f":{"0":0,"1":0,"2":0,"3":0,"4":0,"5":0,"6":0},"b":{},"_coverageSchema":"1a1c01bbd47fc00a2c39e90264f33305004495a9","hash":"752a70445dd79e7415e31f044d7f984fb083d4aa"}
,"/home/craig/personal-projects/band-match/client/components/App.jsx": {"path":"/home/craig/personal-projects/band-match/client/components/App.jsx","statementMap":{"0":{"start":{"line":8,"column":2},"end":{"line":37,"column":3}}},"fnMap":{"0":{"name":"App","decl":{"start":{"line":7,"column":9},"end":{"line":7,"column":12}},"loc":{"start":{"line":7,"column":15},"end":{"line":38,"column":1}},"line":7}},"branchMap":{},"s":{"0":0},"f":{"0":0},"b":{},"_coverageSchema":"1a1c01bbd47fc00a2c39e90264f33305004495a9","hash":"acc9ae727bd9ea3d3d9a3ab30b560623fb43c32d"}
,"/home/craig/personal-projects/band-match/client/components/Band.jsx": {"path":"/home/craig/personal-projects/band-match/client/components/Band.jsx","statementMap":{"0":{"start":{"line":6,"column":15},"end":{"line":6,"column":25}},"1":{"start":{"line":7,"column":15},"end":{"line":7,"column":25}},"2":{"start":{"line":8,"column":16},"end":{"line":8,"column":27}},"3":{"start":{"line":9,"column":13},"end":{"line":9,"column":21}},"4":{"start":{"line":10,"column":19},"end":{"line":10,"column":32}},"5":{"start":{"line":21,"column":4},"end":{"line":21,"column":53}},"6":{"start":{"line":22,"column":4},"end":{"line":22,"column":28}},"7":{"start":{"line":26,"column":4},"end":{"line":26,"column":51}},"8":{"start":{"line":27,"column":4},"end":{"line":27,"column":29}},"9":{"start":{"line":30,"column":2},"end":{"line":59,"column":3}}},"fnMap":{"0":{"name":"Band","decl":{"start":{"line":5,"column":9},"end":{"line":5,"column":13}},"loc":{"start":{"line":5,"column":21},"end":{"line":60,"column":1}},"line":5},"1":{"name":"clickedCancel","decl":{"start":{"line":20,"column":11},"end":{"line":20,"column":24}},"loc":{"start":{"line":20,"column":27},"end":{"line":23,"column":3}},"line":20},"2":{"name":"clickedEdit","decl":{"start":{"line":25,"column":11},"end":{"line":25,"column":22}},"loc":{"start":{"line":25,"column":25},"end":{"line":28,"column":3}},"line":25}},"branchMap":{},"s":{"0":0,"1":0,"2":0,"3":0,"4":0,"5":0,"6":0,"7":0,"8":0,"9":0},"f":{"0":0,"1":0,"2":0},"b":{},"_coverageSchema":"1a1c01bbd47fc00a2c39e90264f33305004495a9","hash":"e501d82a4fd46f5eeab0f0f3f7fdc57362d1d379"}
,"/home/craig/personal-projects/band-match/client/components/Bands.jsx": {"path":"/home/craig/personal-projects/band-match/client/components/Bands.jsx","statementMap":{"0":{"start":{"line":7,"column":16},"end":{"line":7,"column":51}},"1":{"start":{"line":7,"column":39},"end":{"line":7,"column":50}},"2":{"start":{"line":8,"column":19},"end":{"line":8,"column":32}},"3":{"start":{"line":20,"column":2},"end":{"line":22,"column":8}},"4":{"start":{"line":21,"column":4},"end":{"line":21,"column":26}},"5":{"start":{"line":24,"column":2},"end":{"line":43,"column":3}},"6":{"start":{"line":31,"column":12},"end":{"line":38,"column":18}}},"fnMap":{"0":{"name":"Bands","decl":{"start":{"line":6,"column":9},"end":{"line":6,"column":14}},"loc":{"start":{"line":6,"column":17},"end":{"line":44,"column":1}},"line":6},"1":{"name":"(anonymous_1)","decl":{"start":{"line":7,"column":28},"end":{"line":7,"column":29}},"loc":{"start":{"line":7,"column":39},"end":{"line":7,"column":50}},"line":7},"2":{"name":"(anonymous_2)","decl":{"start":{"line":20,"column":12},"end":{"line":20,"column":13}},"loc":{"start":{"line":20,"column":18},"end":{"line":22,"column":3}},"line":20},"3":{"name":"(anonymous_3)","decl":{"start":{"line":30,"column":21},"end":{"line":30,"column":22}},"loc":{"start":{"line":31,"column":12},"end":{"line":38,"column":18}},"line":31}},"branchMap":{},"s":{"0":0,"1":0,"2":0,"3":0,"4":0,"5":0,"6":0},"f":{"0":0,"1":0,"2":0,"3":0},"b":{},"_coverageSchema":"1a1c01bbd47fc00a2c39e90264f33305004495a9","hash":"76eff364e5148bfcee365c3b54ad925da4c96510"}
,"/home/craig/personal-projects/band-match/client/reducers/bands.js": {"path":"/home/craig/personal-projects/band-match/client/reducers/bands.js","statementMap":{"0":{"start":{"line":3,"column":21},"end":{"line":3,"column":23}},"1":{"start":{"line":7,"column":16},"end":{"line":23,"column":1}},"2":{"start":{"line":8,"column":28},"end":{"line":8,"column":34}},"3":{"start":{"line":9,"column":2},"end":{"line":22,"column":3}},"4":{"start":{"line":11,"column":6},"end":{"line":11,"column":20}},"5":{"start":{"line":13,"column":6},"end":{"line":13,"column":32}},"6":{"start":{"line":15,"column":6},"end":{"line":15,"column":45}},"7":{"start":{"line":16,"column":6},"end":{"line":16,"column":49}},"8":{"start":{"line":17,"column":6},"end":{"line":17,"column":32}},"9":{"start":{"line":19,"column":6},"end":{"line":19,"column":56}},"10":{"start":{"line":19,"column":36},"end":{"line":19,"column":55}},"11":{"start":{"line":21,"column":6},"end":{"line":21,"column":18}}},"fnMap":{"0":{"name":"(anonymous_0)","decl":{"start":{"line":7,"column":16},"end":{"line":7,"column":17}},"loc":{"start":{"line":7,"column":50},"end":{"line":23,"column":1}},"line":7},"1":{"name":"(anonymous_1)","decl":{"start":{"line":19,"column":26},"end":{"line":19,"column":27}},"loc":{"start":{"line":19,"column":36},"end":{"line":19,"column":55}},"line":19}},"branchMap":{"0":{"loc":{"start":{"line":7,"column":17},"end":{"line":7,"column":37}},"type":"default-arg","locations":[{"start":{"line":7,"column":25},"end":{"line":7,"column":37}}],"line":7},"1":{"loc":{"start":{"line":9,"column":2},"end":{"line":22,"column":3}},"type":"switch","locations":[{"start":{"line":10,"column":4},"end":{"line":11,"column":20}},{"start":{"line":12,"column":4},"end":{"line":13,"column":32}},{"start":{"line":14,"column":4},"end":{"line":17,"column":32}},{"start":{"line":18,"column":4},"end":{"line":19,"column":56}},{"start":{"line":20,"column":4},"end":{"line":21,"column":18}}],"line":9}},"s":{"0":1,"1":1,"2":3,"3":3,"4":0,"5":0,"6":0,"7":0,"8":0,"9":0,"10":0,"11":3},"f":{"0":3,"1":0},"b":{"0":[3],"1":[0,0,0,0,3]},"_coverageSchema":"1a1c01bbd47fc00a2c39e90264f33305004495a9","hash":"0428d83106ea7cfc00eba468862d08064cc0e4ab"}
,"/home/craig/personal-projects/band-match/client/reducers/fruits.js": {"path":"/home/craig/personal-projects/band-match/client/reducers/fruits.js","statementMap":{"0":{"start":{"line":3,"column":21},"end":{"line":3,"column":23}},"1":{"start":{"line":5,"column":16},"end":{"line":13,"column":1}},"2":{"start":{"line":6,"column":28},"end":{"line":6,"column":34}},"3":{"start":{"line":7,"column":2},"end":{"line":12,"column":3}},"4":{"start":{"line":9,"column":6},"end":{"line":9,"column":20}},"5":{"start":{"line":11,"column":6},"end":{"line":11,"column":18}}},"fnMap":{"0":{"name":"(anonymous_0)","decl":{"start":{"line":5,"column":16},"end":{"line":5,"column":17}},"loc":{"start":{"line":5,"column":50},"end":{"line":13,"column":1}},"line":5}},"branchMap":{"0":{"loc":{"start":{"line":5,"column":17},"end":{"line":5,"column":37}},"type":"default-arg","locations":[{"start":{"line":5,"column":25},"end":{"line":5,"column":37}}],"line":5},"1":{"loc":{"start":{"line":7,"column":2},"end":{"line":12,"column":3}},"type":"switch","locations":[{"start":{"line":8,"column":4},"end":{"line":9,"column":20}},{"start":{"line":10,"column":4},"end":{"line":11,"column":18}}],"line":7}},"s":{"0":1,"1":1,"2":3,"3":3,"4":0,"5":3},"f":{"0":3},"b":{"0":[3],"1":[0,3]},"_coverageSchema":"1a1c01bbd47fc00a2c39e90264f33305004495a9","hash":"6ee077dfb73054d7e7b1958cfb77fa1896be465d"}
,"/home/craig/personal-projects/band-match/client/reducers/index.js": {"path":"/home/craig/personal-projects/band-match/client/reducers/index.js","statementMap":{},"fnMap":{},"branchMap":{},"s":{},"f":{},"b":{},"_coverageSchema":"1a1c01bbd47fc00a2c39e90264f33305004495a9","hash":"86b7fc2b36f001d0940c62a222b644632ea183b1"}
,"/home/craig/personal-projects/band-match/server/server.js": {"path":"/home/craig/personal-projects/band-match/server/server.js","statementMap":{"0":{"start":{"line":1,"column":16},"end":{"line":1,"column":34}},"1":{"start":{"line":2,"column":13},"end":{"line":2,"column":28}},"2":{"start":{"line":4,"column":20},"end":{"line":4,"column":46}},"3":{"start":{"line":5,"column":19},"end":{"line":5,"column":44}},"4":{"start":{"line":6,"column":20},"end":{"line":6,"column":45}},"5":{"start":{"line":8,"column":15},"end":{"line":8,"column":24}},"6":{"start":{"line":10,"column":0},"end":{"line":10,"column":26}},"7":{"start":{"line":11,"column":0},"end":{"line":11,"column":58}},"8":{"start":{"line":13,"column":0},"end":{"line":13,"column":41}},"9":{"start":{"line":14,"column":0},"end":{"line":14,"column":39}},"10":{"start":{"line":15,"column":0},"end":{"line":15,"column":40}},"11":{"start":{"line":17,"column":0},"end":{"line":17,"column":23}}},"fnMap":{},"branchMap":{},"s":{"0":1,"1":1,"2":1,"3":1,"4":1,"5":1,"6":1,"7":1,"8":1,"9":1,"10":1,"11":1},"f":{},"b":{},"_coverageSchema":"1a1c01bbd47fc00a2c39e90264f33305004495a9","hash":"5e2d546525545ba403dee72e8697e156be0a5453"}
,"/home/craig/personal-projects/band-match/server/db/bands.js": {"path":"/home/craig/personal-projects/band-match/server/db/bands.js","statementMap":{"0":{"start":{"line":1,"column":19},"end":{"line":1,"column":42}},"1":{"start":{"line":4,"column":2},"end":{"line":4,"column":35}},"2":{"start":{"line":5,"column":2},"end":{"line":5,"column":33}},"3":{"start":{"line":11,"column":2},"end":{"line":11,"column":29}},"4":{"start":{"line":15,"column":2},"end":{"line":15,"column":45}},"5":{"start":{"line":19,"column":2},"end":{"line":19,"column":49}},"6":{"start":{"line":23,"column":2},"end":{"line":23,"column":54}},"7":{"start":{"line":27,"column":2},"end":{"line":27,"column":21}},"8":{"start":{"line":29,"column":0},"end":{"line":36,"column":1}}},"fnMap":{"0":{"name":"addBand","decl":{"start":{"line":3,"column":9},"end":{"line":3,"column":16}},"loc":{"start":{"line":3,"column":40},"end":{"line":8,"column":1}},"line":3},"1":{"name":"getBands","decl":{"start":{"line":10,"column":9},"end":{"line":10,"column":17}},"loc":{"start":{"line":10,"column":35},"end":{"line":12,"column":1}},"line":10},"2":{"name":"getBandById","decl":{"start":{"line":14,"column":9},"end":{"line":14,"column":20}},"loc":{"start":{"line":14,"column":42},"end":{"line":16,"column":1}},"line":14},"3":{"name":"deleteBandById","decl":{"start":{"line":18,"column":9},"end":{"line":18,"column":23}},"loc":{"start":{"line":18,"column":49},"end":{"line":20,"column":1}},"line":18},"4":{"name":"changeBand","decl":{"start":{"line":22,"column":9},"end":{"line":22,"column":19}},"loc":{"start":{"line":22,"column":43},"end":{"line":24,"column":1}},"line":22},"5":{"name":"close","decl":{"start":{"line":26,"column":9},"end":{"line":26,"column":14}},"loc":{"start":{"line":26,"column":32},"end":{"line":28,"column":1}},"line":26}},"branchMap":{"0":{"loc":{"start":{"line":3,"column":23},"end":{"line":3,"column":38}},"type":"default-arg","locations":[{"start":{"line":3,"column":28},"end":{"line":3,"column":38}}],"line":3},"1":{"loc":{"start":{"line":10,"column":18},"end":{"line":10,"column":33}},"type":"default-arg","locations":[{"start":{"line":10,"column":23},"end":{"line":10,"column":33}}],"line":10},"2":{"loc":{"start":{"line":14,"column":25},"end":{"line":14,"column":40}},"type":"default-arg","locations":[{"start":{"line":14,"column":30},"end":{"line":14,"column":40}}],"line":14},"3":{"loc":{"start":{"line":18,"column":32},"end":{"line":18,"column":47}},"type":"default-arg","locations":[{"start":{"line":18,"column":37},"end":{"line":18,"column":47}}],"line":18},"4":{"loc":{"start":{"line":22,"column":26},"end":{"line":22,"column":41}},"type":"default-arg","locations":[{"start":{"line":22,"column":31},"end":{"line":22,"column":41}}],"line":22},"5":{"loc":{"start":{"line":26,"column":15},"end":{"line":26,"column":30}},"type":"default-arg","locations":[{"start":{"line":26,"column":20},"end":{"line":26,"column":30}}],"line":26}},"s":{"0":2,"1":0,"2":0,"3":1,"4":0,"5":3,"6":0,"7":1,"8":2},"f":{"0":0,"1":1,"2":0,"3":3,"4":0,"5":1},"b":{"0":[0],"1":[0],"2":[0],"3":[0],"4":[0],"5":[0]},"_coverageSchema":"1a1c01bbd47fc00a2c39e90264f33305004495a9","hash":"3161f51bfda136c08a72e5f6e3635a70f7312c59"}
,"/home/craig/personal-projects/band-match/server/db/connection.js": {"path":"/home/craig/personal-projects/band-match/server/db/connection.js","statementMap":{"0":{"start":{"line":1,"column":13},"end":{"line":1,"column":28}},"1":{"start":{"line":2,"column":15},"end":{"line":2,"column":36}},"2":{"start":{"line":3,"column":12},"end":{"line":3,"column":49}},"3":{"start":{"line":4,"column":19},"end":{"line":4,"column":36}},"4":{"start":{"line":6,"column":0},"end":{"line":6,"column":27}}},"fnMap":{},"branchMap":{"0":{"loc":{"start":{"line":3,"column":12},"end":{"line":3,"column":49}},"type":"binary-expr","locations":[{"start":{"line":3,"column":12},"end":{"line":3,"column":32}},{"start":{"line":3,"column":36},"end":{"line":3,"column":49}}],"line":3}},"s":{"0":4,"1":4,"2":4,"3":4,"4":4},"f":{},"b":{"0":[4,0]},"_coverageSchema":"1a1c01bbd47fc00a2c39e90264f33305004495a9","hash":"1e8e5abcab0165d17cb1ffeba01ef1de77f3a13e"}
,"/home/craig/personal-projects/band-match/server/db/fruits.js": {"path":"/home/craig/personal-projects/band-match/server/db/fruits.js","statementMap":{"0":{"start":{"line":1,"column":19},"end":{"line":1,"column":42}},"1":{"start":{"line":4,"column":2},"end":{"line":4,"column":29}},"2":{"start":{"line":7,"column":0},"end":{"line":9,"column":1}}},"fnMap":{"0":{"name":"getFruits","decl":{"start":{"line":3,"column":9},"end":{"line":3,"column":18}},"loc":{"start":{"line":3,"column":36},"end":{"line":5,"column":1}},"line":3}},"branchMap":{"0":{"loc":{"start":{"line":3,"column":19},"end":{"line":3,"column":34}},"type":"default-arg","locations":[{"start":{"line":3,"column":24},"end":{"line":3,"column":34}}],"line":3}},"s":{"0":1,"1":0,"2":1},"f":{"0":0},"b":{"0":[0]},"_coverageSchema":"1a1c01bbd47fc00a2c39e90264f33305004495a9","hash":"8f044e15a4cffe69a1b9d74b9017f570a58e8198"}
,"/home/craig/personal-projects/band-match/server/db/genre.js": {"path":"/home/craig/personal-projects/band-match/server/db/genre.js","statementMap":{"0":{"start":{"line":1,"column":19},"end":{"line":1,"column":42}},"1":{"start":{"line":4,"column":2},"end":{"line":4,"column":30}},"2":{"start":{"line":8,"column":2},"end":{"line":8,"column":54}},"3":{"start":{"line":12,"column":2},"end":{"line":12,"column":21}},"4":{"start":{"line":14,"column":0},"end":{"line":18,"column":1}}},"fnMap":{"0":{"name":"getGenres","decl":{"start":{"line":3,"column":9},"end":{"line":3,"column":18}},"loc":{"start":{"line":3,"column":36},"end":{"line":6,"column":1}},"line":3},"1":{"name":"getGenreById","decl":{"start":{"line":7,"column":9},"end":{"line":7,"column":21}},"loc":{"start":{"line":7,"column":43},"end":{"line":9,"column":1}},"line":7},"2":{"name":"close","decl":{"start":{"line":11,"column":9},"end":{"line":11,"column":14}},"loc":{"start":{"line":11,"column":32},"end":{"line":13,"column":1}},"line":11}},"branchMap":{"0":{"loc":{"start":{"line":3,"column":19},"end":{"line":3,"column":34}},"type":"default-arg","locations":[{"start":{"line":3,"column":24},"end":{"line":3,"column":34}}],"line":3},"1":{"loc":{"start":{"line":7,"column":26},"end":{"line":7,"column":41}},"type":"default-arg","locations":[{"start":{"line":7,"column":31},"end":{"line":7,"column":41}}],"line":7},"2":{"loc":{"start":{"line":11,"column":15},"end":{"line":11,"column":30}},"type":"default-arg","locations":[{"start":{"line":11,"column":20},"end":{"line":11,"column":30}}],"line":11}},"s":{"0":2,"1":1,"2":0,"3":1,"4":2},"f":{"0":1,"1":0,"2":1},"b":{"0":[0],"1":[0],"2":[0]},"_coverageSchema":"1a1c01bbd47fc00a2c39e90264f33305004495a9","hash":"98e1beee62b5b8214fdbc6d70ed56ac18d461b97"}
,"/home/craig/personal-projects/band-match/server/db/knexfile.js": {"path":"/home/craig/personal-projects/band-match/server/db/knexfile.js","statementMap":{"0":{"start":{"line":1,"column":13},"end":{"line":1,"column":28}},"1":{"start":{"line":2,"column":21},"end":{"line":2,"column":34}},"2":{"start":{"line":4,"column":0},"end":{"line":40,"column":1}}},"fnMap":{},"branchMap":{},"s":{"0":4,"1":4,"2":4},"f":{},"b":{},"_coverageSchema":"1a1c01bbd47fc00a2c39e90264f33305004495a9","hash":"04b42711c6b87ef4a7fca1f2da7d39a340f8abc8"}
,"/home/craig/personal-projects/band-match/server/db/migrations/20220905080251_bands.js": {"path":"/home/craig/personal-projects/band-match/server/db/migrations/20220905080251_bands.js","statementMap":{"0":{"start":{"line":5,"column":0},"end":{"line":12,"column":1}},"1":{"start":{"line":6,"column":2},"end":{"line":11,"column":4}},"2":{"start":{"line":7,"column":4},"end":{"line":7,"column":32}},"3":{"start":{"line":8,"column":4},"end":{"line":8,"column":24}},"4":{"start":{"line":9,"column":4},"end":{"line":9,"column":29}},"5":{"start":{"line":10,"column":4},"end":{"line":10,"column":25}},"6":{"start":{"line":18,"column":0},"end":{"line":18,"column":33}}},"fnMap":{"0":{"name":"(anonymous_0)","decl":{"start":{"line":5,"column":13},"end":{"line":5,"column":14}},"loc":{"start":{"line":5,"column":29},"end":{"line":12,"column":1}},"line":5},"1":{"name":"(anonymous_1)","decl":{"start":{"line":6,"column":42},"end":{"line":6,"column":43}},"loc":{"start":{"line":6,"column":53},"end":{"line":11,"column":3}},"line":6},"2":{"name":"(anonymous_2)","decl":{"start":{"line":18,"column":15},"end":{"line":18,"column":16}},"loc":{"start":{"line":18,"column":31},"end":{"line":18,"column":33}},"line":18}},"branchMap":{},"s":{"0":2,"1":2,"2":2,"3":2,"4":2,"5":2,"6":2},"f":{"0":2,"1":2,"2":0},"b":{},"_coverageSchema":"1a1c01bbd47fc00a2c39e90264f33305004495a9","hash":"0de4cd7951fc96a35ef78b128e00680708566340"}
,"/home/craig/personal-projects/band-match/server/db/migrations/20220905080404_genres.js": {"path":"/home/craig/personal-projects/band-match/server/db/migrations/20220905080404_genres.js","statementMap":{"0":{"start":{"line":5,"column":0},"end":{"line":10,"column":1}},"1":{"start":{"line":6,"column":2},"end":{"line":9,"column":4}},"2":{"start":{"line":7,"column":4},"end":{"line":7,"column":59}},"3":{"start":{"line":8,"column":4},"end":{"line":8,"column":31}},"4":{"start":{"line":16,"column":0},"end":{"line":16,"column":33}}},"fnMap":{"0":{"name":"(anonymous_0)","decl":{"start":{"line":5,"column":13},"end":{"line":5,"column":14}},"loc":{"start":{"line":5,"column":29},"end":{"line":10,"column":1}},"line":5},"1":{"name":"(anonymous_1)","decl":{"start":{"line":6,"column":43},"end":{"line":6,"column":44}},"loc":{"start":{"line":6,"column":54},"end":{"line":9,"column":3}},"line":6},"2":{"name":"(anonymous_2)","decl":{"start":{"line":16,"column":15},"end":{"line":16,"column":16}},"loc":{"start":{"line":16,"column":31},"end":{"line":16,"column":33}},"line":16}},"branchMap":{},"s":{"0":2,"1":2,"2":2,"3":2,"4":2},"f":{"0":2,"1":2,"2":0},"b":{},"_coverageSchema":"1a1c01bbd47fc00a2c39e90264f33305004495a9","hash":"f2a4363dddda91ee779d6f6d43de7580b6e6572b"}
,"/home/craig/personal-projects/band-match/server/db/seeds/bands.js": {"path":"/home/craig/personal-projects/band-match/server/db/seeds/bands.js","statementMap":{"0":{"start":{"line":1,"column":0},"end":{"line":14,"column":1}},"1":{"start":{"line":3,"column":2},"end":{"line":13,"column":6}},"2":{"start":{"line":7,"column":6},"end":{"line":12,"column":8}}},"fnMap":{"0":{"name":"(anonymous_0)","decl":{"start":{"line":1,"column":15},"end":{"line":1,"column":16}},"loc":{"start":{"line":1,"column":31},"end":{"line":14,"column":1}},"line":1},"1":{"name":"(anonymous_1)","decl":{"start":{"line":5,"column":10},"end":{"line":5,"column":11}},"loc":{"start":{"line":5,"column":22},"end":{"line":13,"column":5}},"line":5}},"branchMap":{},"s":{"0":2,"1":5,"2":5},"f":{"0":5,"1":5},"b":{},"_coverageSchema":"1a1c01bbd47fc00a2c39e90264f33305004495a9","hash":"067cbae9fbf9ab1f4391e70fb329d64fd099283b"}
,"/home/craig/personal-projects/band-match/server/db/seeds/genres.js": {"path":"/home/craig/personal-projects/band-match/server/db/seeds/genres.js","statementMap":{"0":{"start":{"line":1,"column":0},"end":{"line":14,"column":1}},"1":{"start":{"line":3,"column":2},"end":{"line":13,"column":6}},"2":{"start":{"line":7,"column":6},"end":{"line":12,"column":8}}},"fnMap":{"0":{"name":"(anonymous_0)","decl":{"start":{"line":1,"column":15},"end":{"line":1,"column":16}},"loc":{"start":{"line":1,"column":31},"end":{"line":14,"column":1}},"line":1},"1":{"name":"(anonymous_1)","decl":{"start":{"line":5,"column":10},"end":{"line":5,"column":11}},"loc":{"start":{"line":5,"column":22},"end":{"line":13,"column":5}},"line":5}},"branchMap":{},"s":{"0":2,"1":5,"2":5},"f":{"0":5,"1":5},"b":{},"_coverageSchema":"1a1c01bbd47fc00a2c39e90264f33305004495a9","hash":"5123ed500152188305b829925ed2b02762311aa4"}
,"/home/craig/personal-projects/band-match/server/routes/bands.js": {"path":"/home/craig/personal-projects/band-match/server/routes/bands.js","statementMap":{"0":{"start":{"line":1,"column":16},"end":{"line":1,"column":34}},"1":{"start":{"line":3,"column":11},"end":{"line":3,"column":33}},"2":{"start":{"line":5,"column":15},"end":{"line":5,"column":31}},"3":{"start":{"line":7,"column":0},"end":{"line":16,"column":2}},"4":{"start":{"line":8,"column":2},"end":{"line":15,"column":6}},"5":{"start":{"line":10,"column":6},"end":{"line":10,"column":54}},"6":{"start":{"line":10,"column":46},"end":{"line":10,"column":50}},"7":{"start":{"line":13,"column":6},"end":{"line":13,"column":32}},"8":{"start":{"line":14,"column":6},"end":{"line":14,"column":63}},"9":{"start":{"line":18,"column":0},"end":{"line":30,"column":2}},"10":{"start":{"line":19,"column":15},"end":{"line":19,"column":23}},"11":{"start":{"line":20,"column":2},"end":{"line":20,"column":45}},"12":{"start":{"line":21,"column":2},"end":{"line":29,"column":6}},"13":{"start":{"line":24,"column":6},"end":{"line":24,"column":27}},"14":{"start":{"line":27,"column":6},"end":{"line":27,"column":32}},"15":{"start":{"line":28,"column":6},"end":{"line":28,"column":63}},"16":{"start":{"line":32,"column":0},"end":{"line":42,"column":2}},"17":{"start":{"line":33,"column":22},"end":{"line":33,"column":30}},"18":{"start":{"line":34,"column":2},"end":{"line":41,"column":6}},"19":{"start":{"line":36,"column":6},"end":{"line":36,"column":46}},"20":{"start":{"line":39,"column":6},"end":{"line":39,"column":32}},"21":{"start":{"line":40,"column":6},"end":{"line":40,"column":63}},"22":{"start":{"line":45,"column":0},"end":{"line":53,"column":2}},"23":{"start":{"line":46,"column":13},"end":{"line":46,"column":26}},"24":{"start":{"line":47,"column":2},"end":{"line":52,"column":6}},"25":{"start":{"line":48,"column":16},"end":{"line":48,"column":35}},"26":{"start":{"line":50,"column":6},"end":{"line":50,"column":32}},"27":{"start":{"line":51,"column":6},"end":{"line":51,"column":63}},"28":{"start":{"line":54,"column":0},"end":{"line":54,"column":23}}},"fnMap":{"0":{"name":"(anonymous_0)","decl":{"start":{"line":7,"column":16},"end":{"line":7,"column":17}},"loc":{"start":{"line":7,"column":30},"end":{"line":16,"column":1}},"line":7},"1":{"name":"(anonymous_1)","decl":{"start":{"line":9,"column":10},"end":{"line":9,"column":11}},"loc":{"start":{"line":9,"column":23},"end":{"line":11,"column":5}},"line":9},"2":{"name":"(anonymous_2)","decl":{"start":{"line":10,"column":36},"end":{"line":10,"column":37}},"loc":{"start":{"line":10,"column":46},"end":{"line":10,"column":50}},"line":10},"3":{"name":"(anonymous_3)","decl":{"start":{"line":12,"column":11},"end":{"line":12,"column":12}},"loc":{"start":{"line":12,"column":20},"end":{"line":15,"column":5}},"line":12},"4":{"name":"(anonymous_4)","decl":{"start":{"line":18,"column":20},"end":{"line":18,"column":21}},"loc":{"start":{"line":18,"column":34},"end":{"line":30,"column":1}},"line":18},"5":{"name":"(anonymous_5)","decl":{"start":{"line":22,"column":10},"end":{"line":22,"column":11}},"loc":{"start":{"line":22,"column":16},"end":{"line":25,"column":5}},"line":22},"6":{"name":"(anonymous_6)","decl":{"start":{"line":26,"column":11},"end":{"line":26,"column":12}},"loc":{"start":{"line":26,"column":20},"end":{"line":29,"column":5}},"line":26},"7":{"name":"(anonymous_7)","decl":{"start":{"line":32,"column":31},"end":{"line":32,"column":32}},"loc":{"start":{"line":32,"column":45},"end":{"line":42,"column":1}},"line":32},"8":{"name":"(anonymous_8)","decl":{"start":{"line":35,"column":10},"end":{"line":35,"column":11}},"loc":{"start":{"line":35,"column":16},"end":{"line":37,"column":5}},"line":35},"9":{"name":"(anonymous_9)","decl":{"start":{"line":38,"column":11},"end":{"line":38,"column":12}},"loc":{"start":{"line":38,"column":20},"end":{"line":41,"column":5}},"line":38},"10":{"name":"(anonymous_10)","decl":{"start":{"line":45,"column":22},"end":{"line":45,"column":23}},"loc":{"start":{"line":45,"column":36},"end":{"line":53,"column":1}},"line":45},"11":{"name":"(anonymous_11)","decl":{"start":{"line":48,"column":10},"end":{"line":48,"column":11}},"loc":{"start":{"line":48,"column":16},"end":{"line":48,"column":35}},"line":48},"12":{"name":"(anonymous_12)","decl":{"start":{"line":49,"column":11},"end":{"line":49,"column":12}},"loc":{"start":{"line":49,"column":20},"end":{"line":52,"column":5}},"line":49}},"branchMap":{},"s":{"0":1,"1":1,"2":1,"3":1,"4":2,"5":1,"6":2,"7":1,"8":1,"9":1,"10":0,"11":0,"12":0,"13":0,"14":0,"15":0,"16":1,"17":0,"18":0,"19":0,"20":0,"21":0,"22":1,"23":0,"24":0,"25":0,"26":0,"27":0,"28":1},"f":{"0":2,"1":1,"2":2,"3":1,"4":0,"5":0,"6":0,"7":0,"8":0,"9":0,"10":0,"11":0,"12":0},"b":{},"_coverageSchema":"1a1c01bbd47fc00a2c39e90264f33305004495a9","hash":"6414e3e2fdc4c35cf1696cdb6a492c1f6ce127ea"}
,"/home/craig/personal-projects/band-match/server/routes/fruits.js": {"path":"/home/craig/personal-projects/band-match/server/routes/fruits.js","statementMap":{"0":{"start":{"line":1,"column":16},"end":{"line":1,"column":34}},"1":{"start":{"line":3,"column":11},"end":{"line":3,"column":34}},"2":{"start":{"line":5,"column":15},"end":{"line":5,"column":31}},"3":{"start":{"line":7,"column":0},"end":{"line":16,"column":2}},"4":{"start":{"line":8,"column":2},"end":{"line":15,"column":6}},"5":{"start":{"line":10,"column":6},"end":{"line":10,"column":62}},"6":{"start":{"line":10,"column":48},"end":{"line":10,"column":58}},"7":{"start":{"line":13,"column":6},"end":{"line":13,"column":22}},"8":{"start":{"line":14,"column":6},"end":{"line":14,"column":63}},"9":{"start":{"line":18,"column":0},"end":{"line":18,"column":23}}},"fnMap":{"0":{"name":"(anonymous_0)","decl":{"start":{"line":7,"column":16},"end":{"line":7,"column":17}},"loc":{"start":{"line":7,"column":30},"end":{"line":16,"column":1}},"line":7},"1":{"name":"(anonymous_1)","decl":{"start":{"line":9,"column":10},"end":{"line":9,"column":11}},"loc":{"start":{"line":9,"column":23},"end":{"line":11,"column":5}},"line":9},"2":{"name":"(anonymous_2)","decl":{"start":{"line":10,"column":37},"end":{"line":10,"column":38}},"loc":{"start":{"line":10,"column":48},"end":{"line":10,"column":58}},"line":10},"3":{"name":"(anonymous_3)","decl":{"start":{"line":12,"column":11},"end":{"line":12,"column":12}},"loc":{"start":{"line":12,"column":20},"end":{"line":15,"column":5}},"line":12}},"branchMap":{},"s":{"0":1,"1":1,"2":1,"3":1,"4":0,"5":0,"6":0,"7":0,"8":0,"9":1},"f":{"0":0,"1":0,"2":0,"3":0},"b":{},"_coverageSchema":"1a1c01bbd47fc00a2c39e90264f33305004495a9","hash":"d06df680286d34a43a54e1910044d334d6424e84"}
,"/home/craig/personal-projects/band-match/server/routes/genre.js": {"path":"/home/craig/personal-projects/band-match/server/routes/genre.js","statementMap":{"0":{"start":{"line":1,"column":16},"end":{"line":1,"column":34}},"1":{"start":{"line":3,"column":11},"end":{"line":3,"column":33}},"2":{"start":{"line":5,"column":15},"end":{"line":5,"column":31}},"3":{"start":{"line":7,"column":0},"end":{"line":11,"column":2}},"4":{"start":{"line":8,"column":2},"end":{"line":10,"column":54}},"5":{"start":{"line":9,"column":24},"end":{"line":9,"column":42}},"6":{"start":{"line":10,"column":20},"end":{"line":10,"column":53}},"7":{"start":{"line":13,"column":0},"end":{"line":18,"column":2}},"8":{"start":{"line":14,"column":17},"end":{"line":14,"column":27}},"9":{"start":{"line":15,"column":2},"end":{"line":17,"column":54}},"10":{"start":{"line":16,"column":24},"end":{"line":16,"column":42}},"11":{"start":{"line":17,"column":20},"end":{"line":17,"column":53}},"12":{"start":{"line":20,"column":0},"end":{"line":20,"column":23}}},"fnMap":{"0":{"name":"(anonymous_0)","decl":{"start":{"line":7,"column":16},"end":{"line":7,"column":17}},"loc":{"start":{"line":7,"column":30},"end":{"line":11,"column":1}},"line":7},"1":{"name":"(anonymous_1)","decl":{"start":{"line":9,"column":10},"end":{"line":9,"column":11}},"loc":{"start":{"line":9,"column":24},"end":{"line":9,"column":42}},"line":9},"2":{"name":"(anonymous_2)","decl":{"start":{"line":10,"column":11},"end":{"line":10,"column":12}},"loc":{"start":{"line":10,"column":20},"end":{"line":10,"column":53}},"line":10},"3":{"name":"(anonymous_3)","decl":{"start":{"line":13,"column":19},"end":{"line":13,"column":20}},"loc":{"start":{"line":13,"column":33},"end":{"line":18,"column":1}},"line":13},"4":{"name":"(anonymous_4)","decl":{"start":{"line":16,"column":10},"end":{"line":16,"column":11}},"loc":{"start":{"line":16,"column":24},"end":{"line":16,"column":42}},"line":16},"5":{"name":"(anonymous_5)","decl":{"start":{"line":17,"column":11},"end":{"line":17,"column":12}},"loc":{"start":{"line":17,"column":20},"end":{"line":17,"column":53}},"line":17}},"branchMap":{},"s":{"0":1,"1":1,"2":1,"3":1,"4":0,"5":0,"6":0,"7":1,"8":0,"9":0,"10":0,"11":0,"12":1},"f":{"0":0,"1":0,"2":0,"3":0,"4":0,"5":0},"b":{},"_coverageSchema":"1a1c01bbd47fc00a2c39e90264f33305004495a9","hash":"908d0af7cb011235d237ff41876a5fa87cf7fdc0"}
}
