TN:
SF:client/store.js
FNF:0
FNH:0
DA:8,1
DA:12,1
LF:2
LH:2
BRDA:8,0,0,1
BRDA:8,0,1,1
BRF:2
BRH:2
end_of_record
TN:
SF:client/actions/index.js
FN:14,removeBand
FN:15,(anonymous_1)
FN:16,(anonymous_2)
FN:21,deleteBand
FN:31,addNewBand
FN:32,(anonymous_5)
FN:33,(anonymous_6)
FN:40,createBand
FN:51,editBand
FN:52,(anonymous_9)
FN:53,(anonymous_10)
FN:59,updateBand
FN:70,fetchBands
FN:71,(anonymous_13)
FN:72,(anonymous_14)
FN:78,setBands
FN:89,setFruits
FN:96,fetchFruits
FN:97,(anonymous_18)
FN:98,(anonymous_19)
FNF:20
FNH:0
FNDA:0,removeBand
FNDA:0,(anonymous_1)
FNDA:0,(anonymous_2)
FNDA:0,deleteBand
FNDA:0,addNewBand
FNDA:0,(anonymous_5)
FNDA:0,(anonymous_6)
FNDA:0,createBand
FNDA:0,editBand
FNDA:0,(anonymous_9)
FNDA:0,(anonymous_10)
FNDA:0,updateBand
FNDA:0,fetchBands
FNDA:0,(anonymous_13)
FNDA:0,(anonymous_14)
FNDA:0,setBands
FNDA:0,setFruits
FNDA:0,fetchFruits
FNDA:0,(anonymous_18)
FNDA:0,(anonymous_19)
DA:4,1
DA:5,1
DA:6,1
DA:7,1
DA:8,1
DA:9,1
DA:15,0
DA:16,0
DA:17,0
DA:22,0
DA:32,0
DA:33,0
DA:34,0
DA:35,0
DA:41,0
DA:42,0
DA:52,0
DA:53,0
DA:54,0
DA:60,0
DA:61,0
DA:71,0
DA:72,0
DA:73,0
DA:79,0
DA:81,0
DA:90,0
DA:97,0
DA:98,0
DA:99,0
LF:30
LH:6
BRF:0
BRH:0
end_of_record
TN:
SF:client/apis/bands.js
FN:5,getBands
FN:6,(anonymous_1)
FN:11,addBand
FN:18,(anonymous_3)
FN:25,deleteBandById
FN:29,(anonymous_5)
FN:34,changeBand
FN:41,(anonymous_7)
FN:48,errorHandler
FN:49,(anonymous_9)
FNF:10
FNH:0
FNDA:0,getBands
FNDA:0,(anonymous_1)
FNDA:0,addBand
FNDA:0,(anonymous_3)
FNDA:0,deleteBandById
FNDA:0,(anonymous_5)
FNDA:0,changeBand
FNDA:0,(anonymous_7)
FNDA:0,errorHandler
FNDA:0,(anonymous_9)
DA:3,1
DA:6,0
DA:7,0
DA:12,0
DA:13,0
DA:15,0
DA:19,0
DA:20,0
DA:26,0
DA:27,0
DA:29,0
DA:35,0
DA:36,0
DA:42,0
DA:49,0
DA:50,0
DA:51,0
DA:55,0
LF:18
LH:1
BRDA:50,0,0,0
BRDA:50,0,1,0
BRF:2
BRH:0
end_of_record
TN:
SF:client/apis/fruits.js
FN:5,getFruits
FN:6,(anonymous_1)
FNF:2
FNH:0
FNDA:0,getFruits
FNDA:0,(anonymous_1)
DA:3,1
DA:6,0
DA:7,0
LF:3
LH:1
BRF:0
BRH:0
end_of_record
TN:
SF:client/components/AddBand.jsx
FN:6,AddBand
FN:12,handleChange
FN:16,handleSubmit
FN:98,(anonymous_3)
FNF:4
FNH:0
FNDA:0,AddBand
FNDA:0,handleChange
FNDA:0,handleSubmit
FNDA:0,(anonymous_3)
DA:4,1
DA:7,0
DA:9,0
DA:10,0
DA:13,0
DA:17,0
DA:19,0
DA:20,0
DA:23,0
DA:99,0
DA:100,0
LF:11
LH:1
BRF:0
BRH:0
end_of_record
TN:
SF:client/components/App.jsx
FN:7,App
FNF:1
FNH:0
FNDA:0,App
DA:8,0
LF:1
LH:0
BRF:0
BRH:0
end_of_record
TN:
SF:client/components/Band.jsx
FN:5,Band
FN:12,clickedCancel
FN:17,clickedEdit
FNF:3
FNH:0
FNDA:0,Band
FNDA:0,clickedCancel
FNDA:0,clickedEdit
DA:6,0
DA:7,0
DA:8,0
DA:9,0
DA:10,0
DA:13,0
DA:14,0
DA:18,0
DA:19,0
DA:22,0
LF:10
LH:0
BRF:0
BRH:0
end_of_record
TN:
SF:client/components/Bands.jsx
FN:6,Bands
FN:7,(anonymous_1)
FN:20,(anonymous_2)
FN:30,(anonymous_3)
FNF:4
FNH:0
FNDA:0,Bands
FNDA:0,(anonymous_1)
FNDA:0,(anonymous_2)
FNDA:0,(anonymous_3)
DA:7,0
DA:8,0
DA:20,0
DA:21,0
DA:24,0
DA:31,0
LF:6
LH:0
BRF:0
BRH:0
end_of_record
TN:
SF:client/reducers/bands.js
FN:7,(anonymous_0)
FN:19,(anonymous_1)
FNF:2
FNH:1
FNDA:3,(anonymous_0)
FNDA:0,(anonymous_1)
DA:3,1
DA:7,1
DA:8,3
DA:9,3
DA:11,0
DA:13,0
DA:15,0
DA:16,0
DA:17,0
DA:19,0
DA:21,3
LF:11
LH:5
BRDA:7,0,0,3
BRDA:9,1,0,0
BRDA:9,1,1,0
BRDA:9,1,2,0
BRDA:9,1,3,0
BRDA:9,1,4,3
BRF:6
BRH:2
end_of_record
TN:
SF:client/reducers/fruits.js
FN:5,(anonymous_0)
FNF:1
FNH:1
FNDA:3,(anonymous_0)
DA:3,1
DA:5,1
DA:6,3
DA:7,3
DA:9,0
DA:11,3
LF:6
LH:5
BRDA:5,0,0,3
BRDA:7,1,0,0
BRDA:7,1,1,3
BRF:3
BRH:2
end_of_record
TN:
SF:client/reducers/index.js
FNF:0
FNH:0
LF:0
LH:0
BRF:0
BRH:0
end_of_record
TN:
SF:server/server.js
FNF:0
FNH:0
DA:1,1
DA:2,1
DA:4,1
DA:5,1
DA:7,1
DA:9,1
DA:10,1
DA:12,1
DA:13,1
DA:15,1
LF:10
LH:10
BRF:0
BRH:0
end_of_record
TN:
SF:server/db/bands.js
FN:3,addBand
FN:10,getBands
FN:14,getBandById
FN:18,deleteBandById
FN:22,changeBand
FN:26,close
FNF:6
FNH:2
FNDA:0,addBand
FNDA:1,getBands
FNDA:0,getBandById
FNDA:0,deleteBandById
FNDA:0,changeBand
FNDA:1,close
DA:1,2
DA:4,0
DA:5,0
DA:11,1
DA:15,0
DA:19,0
DA:23,0
DA:27,1
DA:29,2
LF:9
LH:4
BRDA:3,0,0,0
BRDA:10,1,0,0
BRDA:14,2,0,0
BRDA:18,3,0,0
BRDA:22,4,0,0
BRDA:26,5,0,0
BRF:6
BRH:0
end_of_record
TN:
SF:server/db/connection.js
FNF:0
FNH:0
DA:1,3
DA:2,3
DA:3,3
DA:4,3
DA:6,3
LF:5
LH:5
BRDA:3,0,0,3
BRDA:3,0,1,0
BRF:2
BRH:1
end_of_record
TN:
SF:server/db/fruits.js
FN:3,getFruits
FNF:1
FNH:0
FNDA:0,getFruits
DA:1,1
DA:4,0
DA:7,1
LF:3
LH:2
BRDA:3,0,0,0
BRF:1
BRH:0
end_of_record
TN:
SF:server/db/knexfile.js
FNF:0
FNH:0
DA:1,3
DA:2,3
DA:4,3
LF:3
LH:3
BRF:0
BRH:0
end_of_record
TN:
SF:server/db/migrations/20190905120752_fruit.js
FN:1,(anonymous_0)
FN:2,(anonymous_1)
FN:8,(anonymous_2)
FNF:3
FNH:2
FNDA:1,(anonymous_0)
FNDA:1,(anonymous_1)
FNDA:0,(anonymous_2)
DA:1,1
DA:2,1
DA:3,1
DA:4,1
DA:8,1
DA:9,0
LF:6
LH:5
BRF:0
BRH:0
end_of_record
TN:
SF:server/db/migrations/20220905080251_bands.js
FN:5,(anonymous_0)
FN:6,(anonymous_1)
FN:18,(anonymous_2)
FNF:3
FNH:2
FNDA:1,(anonymous_0)
FNDA:1,(anonymous_1)
FNDA:0,(anonymous_2)
DA:5,1
DA:6,1
DA:7,1
DA:8,1
DA:9,1
DA:10,1
DA:18,1
LF:7
LH:7
BRF:0
BRH:0
end_of_record
TN:
SF:server/db/migrations/20220905080404_genres.js
FN:5,(anonymous_0)
FN:6,(anonymous_1)
FN:16,(anonymous_2)
FNF:3
FNH:2
FNDA:1,(anonymous_0)
FNDA:1,(anonymous_1)
FNDA:0,(anonymous_2)
DA:5,1
DA:6,1
DA:7,1
DA:8,1
DA:16,1
LF:5
LH:5
BRF:0
BRH:0
end_of_record
TN:
SF:server/db/seeds/bands.js
FN:1,(anonymous_0)
FN:5,(anonymous_1)
FNF:2
FNH:2
FNDA:1,(anonymous_0)
FNDA:1,(anonymous_1)
DA:1,1
DA:3,1
DA:7,1
LF:3
LH:3
BRF:0
BRH:0
end_of_record
TN:
SF:server/db/seeds/fruit.js
FN:1,(anonymous_0)
FN:5,(anonymous_1)
FNF:2
FNH:2
FNDA:1,(anonymous_0)
FNDA:1,(anonymous_1)
DA:1,1
DA:3,1
DA:7,1
LF:3
LH:3
BRF:0
BRH:0
end_of_record
TN:
SF:server/db/seeds/genres.js
FN:1,(anonymous_0)
FN:5,(anonymous_1)
FNF:2
FNH:2
FNDA:1,(anonymous_0)
FNDA:1,(anonymous_1)
DA:1,1
DA:3,1
DA:7,1
LF:3
LH:3
BRF:0
BRH:0
end_of_record
TN:
SF:server/routes/bands.js
FN:7,(anonymous_0)
FN:9,(anonymous_1)
FN:10,(anonymous_2)
FN:12,(anonymous_3)
FN:18,(anonymous_4)
FN:22,(anonymous_5)
FN:26,(anonymous_6)
FN:32,(anonymous_7)
FN:35,(anonymous_8)
FN:38,(anonymous_9)
FN:45,(anonymous_10)
FN:48,(anonymous_11)
FN:49,(anonymous_12)
FNF:13
FNH:4
FNDA:2,(anonymous_0)
FNDA:1,(anonymous_1)
FNDA:2,(anonymous_2)
FNDA:1,(anonymous_3)
FNDA:0,(anonymous_4)
FNDA:0,(anonymous_5)
FNDA:0,(anonymous_6)
FNDA:0,(anonymous_7)
FNDA:0,(anonymous_8)
FNDA:0,(anonymous_9)
FNDA:0,(anonymous_10)
FNDA:0,(anonymous_11)
FNDA:0,(anonymous_12)
DA:1,1
DA:3,1
DA:5,1
DA:7,1
DA:8,2
DA:10,2
DA:13,1
DA:14,1
DA:18,1
DA:19,0
DA:20,0
DA:21,0
DA:24,0
DA:27,0
DA:28,0
DA:32,1
DA:33,0
DA:34,0
DA:36,0
DA:39,0
DA:40,0
DA:45,1
DA:46,0
DA:47,0
DA:48,0
DA:50,0
DA:51,0
DA:54,1
LF:28
LH:12
BRF:0
BRH:0
end_of_record
TN:
SF:server/routes/fruits.js
FN:7,(anonymous_0)
FN:9,(anonymous_1)
FN:10,(anonymous_2)
FN:12,(anonymous_3)
FNF:4
FNH:0
FNDA:0,(anonymous_0)
FNDA:0,(anonymous_1)
FNDA:0,(anonymous_2)
FNDA:0,(anonymous_3)
DA:1,1
DA:3,1
DA:5,1
DA:7,1
DA:8,0
DA:10,0
DA:13,0
DA:14,0
DA:18,1
LF:9
LH:5
BRF:0
BRH:0
end_of_record
